2019-12-28 21:58:53.167  INFO 25164 --- [main] com.cyy.Application                      : Starting Application on DESKTOP-DBLO12C with PID 25164 (E:\workspace\idea-workspace\PFS\target\classes started by meetc in E:\workspace\idea-workspace\PFS)
2019-12-28 21:58:53.170  INFO 25164 --- [main] com.cyy.Application                      : No active profile set, falling back to default profiles: default
2019-12-28 21:58:54.404  WARN 25164 --- [main] o.m.s.mapper.ClassPathMapperScanner      : No MyBatis mapper was found in '[com.cyy.dao]' package. Please check your configuration.
2019-12-28 21:58:55.255  INFO 25164 --- [main] o.s.b.w.embedded.tomcat.TomcatWebServer  : Tomcat initialized with port(s): 8080 (http)
2019-12-28 21:58:55.305  INFO 25164 --- [main] o.apache.catalina.core.StandardService   : Starting service [Tomcat]
2019-12-28 21:58:55.306  INFO 25164 --- [main] org.apache.catalina.core.StandardEngine  : Starting Servlet Engine: Apache Tomcat/9.0.13
2019-12-28 21:58:55.323  INFO 25164 --- [main] o.a.catalina.core.AprLifecycleListener   : The APR based Apache Tomcat Native library which allows optimal performance in production environments was not found on the java.library.path: [E:\ENV\Java\jdk1.8.0_211\bin;C:\Windows\Sun\Java\bin;C:\Windows\system32;C:\Windows;C:\Program Files (x86)\Common Files\Oracle\Java\javapath;C:\Windows\system32;C:\Windows;C:\Windows\System32\Wbem;C:\Windows\System32\WindowsPowerShell\v1.0\;C:\Windows\System32\OpenSSH\;E:\ENV\maven\apache-maven-3.6.1\bin\;D:\Program Files\Git\cmd;C:\Program Files\dotnet\;C:\Program Files\Common Files\Autodesk Shared\;C:\Program Files (x86)\Autodesk\Backburner\;C:\Users\meetc\AppData\Local\Microsoft\WindowsApps;.]
2019-12-28 21:58:55.405  INFO 25164 --- [main] o.a.c.c.C.[Tomcat].[localhost].[/]       : Initializing Spring embedded WebApplicationContext
2019-12-28 21:58:55.406  INFO 25164 --- [main] o.s.web.context.ContextLoader            : Root WebApplicationContext: initialization completed in 2058 ms
2019-12-28 21:58:56.021  INFO 25164 --- [main] o.s.s.concurrent.ThreadPoolTaskExecutor  : Initializing ExecutorService 'applicationTaskExecutor'
2019-12-28 21:58:56.359  INFO 25164 --- [main] o.s.b.w.embedded.tomcat.TomcatWebServer  : Tomcat started on port(s): 8080 (http) with context path ''
2019-12-28 21:58:56.362  INFO 25164 --- [main] com.cyy.Application                      : Started Application in 3.917 seconds (JVM running for 5.87)
2019-12-28 21:59:13.342  INFO 25164 --- [http-nio-8080-exec-2] o.a.c.c.C.[Tomcat].[localhost].[/]       : Initializing Spring DispatcherServlet 'dispatcherServlet'
2019-12-28 21:59:13.342  INFO 25164 --- [http-nio-8080-exec-2] o.s.web.servlet.DispatcherServlet        : Initializing Servlet 'dispatcherServlet'
2019-12-28 21:59:13.347  INFO 25164 --- [http-nio-8080-exec-2] o.s.web.servlet.DispatcherServlet        : Completed initialization in 5 ms
2019-12-28 21:59:17.086  INFO 25164 --- [http-nio-8080-exec-10] c.c.finance.controller.ProfitController  : 666jb
2019-12-28 21:59:17.302  INFO 25164 --- [http-nio-8080-exec-7] com.zaxxer.hikari.HikariDataSource       : HikariPool-1 - Starting...
2019-12-28 21:59:17.303  WARN 25164 --- [http-nio-8080-exec-7] com.zaxxer.hikari.util.DriverDataSource  : Registered driver with driverClassName=com.mysql.jdbc.Driver was not found, trying direct instantiation.
2019-12-28 21:59:19.149  INFO 25164 --- [http-nio-8080-exec-7] com.zaxxer.hikari.HikariDataSource       : HikariPool-1 - Start completed.
2019-12-28 22:05:13.557  INFO 25164 --- [Thread-10] o.s.s.concurrent.ThreadPoolTaskExecutor  : Shutting down ExecutorService 'applicationTaskExecutor'
2019-12-28 22:05:13.560  INFO 25164 --- [Thread-10] com.zaxxer.hikari.HikariDataSource       : HikariPool-1 - Shutdown initiated...
2019-12-28 22:05:13.567  INFO 25164 --- [Thread-10] com.zaxxer.hikari.HikariDataSource       : HikariPool-1 - Shutdown completed.
2019-12-28 22:05:18.213  INFO 19508 --- [main] com.cyy.Application                      : Starting Application on DESKTOP-DBLO12C with PID 19508 (E:\workspace\idea-workspace\PFS\target\classes started by meetc in E:\workspace\idea-workspace\PFS)
2019-12-28 22:05:18.216  INFO 19508 --- [main] com.cyy.Application                      : No active profile set, falling back to default profiles: default
2019-12-28 22:05:18.543  WARN 19508 --- [main] o.m.s.mapper.ClassPathMapperScanner      : No MyBatis mapper was found in '[com.cyy.dao]' package. Please check your configuration.
2019-12-28 22:05:19.022  INFO 19508 --- [main] o.s.b.w.embedded.tomcat.TomcatWebServer  : Tomcat initialized with port(s): 8080 (http)
2019-12-28 22:05:19.035  INFO 19508 --- [main] o.apache.catalina.core.StandardService   : Starting service [Tomcat]
2019-12-28 22:05:19.035  INFO 19508 --- [main] org.apache.catalina.core.StandardEngine  : Starting Servlet Engine: Apache Tomcat/9.0.13
2019-12-28 22:05:19.040  INFO 19508 --- [main] o.a.catalina.core.AprLifecycleListener   : The APR based Apache Tomcat Native library which allows optimal performance in production environments was not found on the java.library.path: [E:\ENV\Java\jdk1.8.0_211\bin;C:\Windows\Sun\Java\bin;C:\Windows\system32;C:\Windows;C:\Program Files (x86)\Common Files\Oracle\Java\javapath;C:\Windows\system32;C:\Windows;C:\Windows\System32\Wbem;C:\Windows\System32\WindowsPowerShell\v1.0\;C:\Windows\System32\OpenSSH\;E:\ENV\maven\apache-maven-3.6.1\bin\;D:\Program Files\Git\cmd;C:\Program Files\dotnet\;C:\Program Files\Common Files\Autodesk Shared\;C:\Program Files (x86)\Autodesk\Backburner\;C:\Users\meetc\AppData\Local\Microsoft\WindowsApps;.]
2019-12-28 22:05:19.105  INFO 19508 --- [main] o.a.c.c.C.[Tomcat].[localhost].[/]       : Initializing Spring embedded WebApplicationContext
2019-12-28 22:05:19.105  INFO 19508 --- [main] o.s.web.context.ContextLoader            : Root WebApplicationContext: initialization completed in 856 ms
2019-12-28 22:05:19.416  INFO 19508 --- [main] o.s.s.concurrent.ThreadPoolTaskExecutor  : Initializing ExecutorService 'applicationTaskExecutor'
2019-12-28 22:05:19.634  INFO 19508 --- [main] o.s.b.w.embedded.tomcat.TomcatWebServer  : Tomcat started on port(s): 8080 (http) with context path ''
2019-12-28 22:05:19.637  INFO 19508 --- [main] com.cyy.Application                      : Started Application in 1.7 seconds (JVM running for 2.357)
2019-12-28 22:05:24.092  INFO 19508 --- [http-nio-8080-exec-1] o.a.c.c.C.[Tomcat].[localhost].[/]       : Initializing Spring DispatcherServlet 'dispatcherServlet'
2019-12-28 22:05:24.092  INFO 19508 --- [http-nio-8080-exec-1] o.s.web.servlet.DispatcherServlet        : Initializing Servlet 'dispatcherServlet'
2019-12-28 22:05:24.097  INFO 19508 --- [http-nio-8080-exec-1] o.s.web.servlet.DispatcherServlet        : Completed initialization in 5 ms
2019-12-28 22:05:26.008  INFO 19508 --- [http-nio-8080-exec-3] c.c.finance.controller.ProfitController  : 666jb
2019-12-28 22:05:26.128  INFO 19508 --- [http-nio-8080-exec-2] com.zaxxer.hikari.HikariDataSource       : HikariPool-1 - Starting...
2019-12-28 22:05:26.129  WARN 19508 --- [http-nio-8080-exec-2] com.zaxxer.hikari.util.DriverDataSource  : Registered driver with driverClassName=com.mysql.jdbc.Driver was not found, trying direct instantiation.
2019-12-28 22:05:27.401  INFO 19508 --- [http-nio-8080-exec-2] com.zaxxer.hikari.HikariDataSource       : HikariPool-1 - Start completed.
2019-12-28 22:06:18.099  INFO 19508 --- [Thread-5] o.s.s.concurrent.ThreadPoolTaskExecutor  : Shutting down ExecutorService 'applicationTaskExecutor'
2019-12-28 22:06:18.100  INFO 19508 --- [Thread-5] com.zaxxer.hikari.HikariDataSource       : HikariPool-1 - Shutdown initiated...
2019-12-28 22:06:18.113  INFO 19508 --- [Thread-5] com.zaxxer.hikari.HikariDataSource       : HikariPool-1 - Shutdown completed.
2019-12-28 22:06:21.023  INFO 18164 --- [main] com.cyy.Application                      : Starting Application on DESKTOP-DBLO12C with PID 18164 (E:\workspace\idea-workspace\PFS\target\classes started by meetc in E:\workspace\idea-workspace\PFS)
2019-12-28 22:06:21.025  INFO 18164 --- [main] com.cyy.Application                      : No active profile set, falling back to default profiles: default
2019-12-28 22:06:21.351  WARN 18164 --- [main] o.m.s.mapper.ClassPathMapperScanner      : No MyBatis mapper was found in '[com.cyy.dao]' package. Please check your configuration.
2019-12-28 22:06:21.820  INFO 18164 --- [main] o.s.b.w.embedded.tomcat.TomcatWebServer  : Tomcat initialized with port(s): 8080 (http)
2019-12-28 22:06:21.841  INFO 18164 --- [main] o.apache.catalina.core.StandardService   : Starting service [Tomcat]
2019-12-28 22:06:21.841  INFO 18164 --- [main] org.apache.catalina.core.StandardEngine  : Starting Servlet Engine: Apache Tomcat/9.0.13
2019-12-28 22:06:21.846  INFO 18164 --- [main] o.a.catalina.core.AprLifecycleListener   : The APR based Apache Tomcat Native library which allows optimal performance in production environments was not found on the java.library.path: [E:\ENV\Java\jdk1.8.0_211\bin;C:\Windows\Sun\Java\bin;C:\Windows\system32;C:\Windows;C:\Program Files (x86)\Common Files\Oracle\Java\javapath;C:\Windows\system32;C:\Windows;C:\Windows\System32\Wbem;C:\Windows\System32\WindowsPowerShell\v1.0\;C:\Windows\System32\OpenSSH\;E:\ENV\maven\apache-maven-3.6.1\bin\;D:\Program Files\Git\cmd;C:\Program Files\dotnet\;C:\Program Files\Common Files\Autodesk Shared\;C:\Program Files (x86)\Autodesk\Backburner\;C:\Users\meetc\AppData\Local\Microsoft\WindowsApps;.]
2019-12-28 22:06:21.903  INFO 18164 --- [main] o.a.c.c.C.[Tomcat].[localhost].[/]       : Initializing Spring embedded WebApplicationContext
2019-12-28 22:06:21.903  INFO 18164 --- [main] o.s.web.context.ContextLoader            : Root WebApplicationContext: initialization completed in 846 ms
2019-12-28 22:06:22.250  INFO 18164 --- [main] o.s.s.concurrent.ThreadPoolTaskExecutor  : Initializing ExecutorService 'applicationTaskExecutor'
2019-12-28 22:06:22.428  INFO 18164 --- [main] o.s.b.w.embedded.tomcat.TomcatWebServer  : Tomcat started on port(s): 8080 (http) with context path ''
2019-12-28 22:06:22.431  INFO 18164 --- [main] com.cyy.Application                      : Started Application in 1.68 seconds (JVM running for 2.34)
2019-12-28 22:06:32.153  INFO 18164 --- [http-nio-8080-exec-1] o.a.c.c.C.[Tomcat].[localhost].[/]       : Initializing Spring DispatcherServlet 'dispatcherServlet'
2019-12-28 22:06:32.154  INFO 18164 --- [http-nio-8080-exec-1] o.s.web.servlet.DispatcherServlet        : Initializing Servlet 'dispatcherServlet'
2019-12-28 22:06:32.158  INFO 18164 --- [http-nio-8080-exec-1] o.s.web.servlet.DispatcherServlet        : Completed initialization in 4 ms
2019-12-28 22:06:32.172  INFO 18164 --- [http-nio-8080-exec-1] c.c.finance.controller.ProfitController  : 666jb
2019-12-28 22:06:32.447  INFO 18164 --- [http-nio-8080-exec-2] com.zaxxer.hikari.HikariDataSource       : HikariPool-1 - Starting...
2019-12-28 22:06:32.448  WARN 18164 --- [http-nio-8080-exec-2] com.zaxxer.hikari.util.DriverDataSource  : Registered driver with driverClassName=com.mysql.jdbc.Driver was not found, trying direct instantiation.
2019-12-28 22:06:33.360  INFO 18164 --- [http-nio-8080-exec-2] com.zaxxer.hikari.HikariDataSource       : HikariPool-1 - Start completed.
2019-12-28 22:07:21.300  INFO 18164 --- [Thread-5] o.s.s.concurrent.ThreadPoolTaskExecutor  : Shutting down ExecutorService 'applicationTaskExecutor'
2019-12-28 22:07:21.300  INFO 18164 --- [Thread-5] com.zaxxer.hikari.HikariDataSource       : HikariPool-1 - Shutdown initiated...
2019-12-28 22:07:21.312  INFO 18164 --- [Thread-5] com.zaxxer.hikari.HikariDataSource       : HikariPool-1 - Shutdown completed.
2019-12-28 22:07:24.239  INFO 18036 --- [main] com.cyy.Application                      : Starting Application on DESKTOP-DBLO12C with PID 18036 (E:\workspace\idea-workspace\PFS\target\classes started by meetc in E:\workspace\idea-workspace\PFS)
2019-12-28 22:07:24.241  INFO 18036 --- [main] com.cyy.Application                      : No active profile set, falling back to default profiles: default
2019-12-28 22:07:24.586  WARN 18036 --- [main] o.m.s.mapper.ClassPathMapperScanner      : No MyBatis mapper was found in '[com.cyy.dao]' package. Please check your configuration.
2019-12-28 22:07:25.100  INFO 18036 --- [main] o.s.b.w.embedded.tomcat.TomcatWebServer  : Tomcat initialized with port(s): 8080 (http)
2019-12-28 22:07:25.113  INFO 18036 --- [main] o.apache.catalina.core.StandardService   : Starting service [Tomcat]
2019-12-28 22:07:25.114  INFO 18036 --- [main] org.apache.catalina.core.StandardEngine  : Starting Servlet Engine: Apache Tomcat/9.0.13
2019-12-28 22:07:25.126  INFO 18036 --- [main] o.a.catalina.core.AprLifecycleListener   : The APR based Apache Tomcat Native library which allows optimal performance in production environments was not found on the java.library.path: [E:\ENV\Java\jdk1.8.0_211\bin;C:\Windows\Sun\Java\bin;C:\Windows\system32;C:\Windows;C:\Program Files (x86)\Common Files\Oracle\Java\javapath;C:\Windows\system32;C:\Windows;C:\Windows\System32\Wbem;C:\Windows\System32\WindowsPowerShell\v1.0\;C:\Windows\System32\OpenSSH\;E:\ENV\maven\apache-maven-3.6.1\bin\;D:\Program Files\Git\cmd;C:\Program Files\dotnet\;C:\Program Files\Common Files\Autodesk Shared\;C:\Program Files (x86)\Autodesk\Backburner\;C:\Users\meetc\AppData\Local\Microsoft\WindowsApps;.]
2019-12-28 22:07:25.185  INFO 18036 --- [main] o.a.c.c.C.[Tomcat].[localhost].[/]       : Initializing Spring embedded WebApplicationContext
2019-12-28 22:07:25.186  INFO 18036 --- [main] o.s.web.context.ContextLoader            : Root WebApplicationContext: initialization completed in 910 ms
2019-12-28 22:07:25.504  INFO 18036 --- [main] o.s.s.concurrent.ThreadPoolTaskExecutor  : Initializing ExecutorService 'applicationTaskExecutor'
2019-12-28 22:07:25.726  INFO 18036 --- [main] o.s.b.w.embedded.tomcat.TomcatWebServer  : Tomcat started on port(s): 8080 (http) with context path ''
2019-12-28 22:07:25.728  INFO 18036 --- [main] com.cyy.Application                      : Started Application in 1.76 seconds (JVM running for 2.406)
2019-12-28 22:07:28.002  INFO 18036 --- [http-nio-8080-exec-1] o.a.c.c.C.[Tomcat].[localhost].[/]       : Initializing Spring DispatcherServlet 'dispatcherServlet'
2019-12-28 22:07:28.002  INFO 18036 --- [http-nio-8080-exec-1] o.s.web.servlet.DispatcherServlet        : Initializing Servlet 'dispatcherServlet'
2019-12-28 22:07:28.006  INFO 18036 --- [http-nio-8080-exec-1] o.s.web.servlet.DispatcherServlet        : Completed initialization in 4 ms
2019-12-28 22:07:28.021  INFO 18036 --- [http-nio-8080-exec-1] c.c.finance.controller.ProfitController  : 666jb
2019-12-28 22:07:28.291  INFO 18036 --- [http-nio-8080-exec-2] com.zaxxer.hikari.HikariDataSource       : HikariPool-1 - Starting...
2019-12-28 22:07:28.291  WARN 18036 --- [http-nio-8080-exec-2] com.zaxxer.hikari.util.DriverDataSource  : Registered driver with driverClassName=com.mysql.jdbc.Driver was not found, trying direct instantiation.
2019-12-28 22:07:29.194  INFO 18036 --- [http-nio-8080-exec-2] com.zaxxer.hikari.HikariDataSource       : HikariPool-1 - Start completed.
2019-12-28 22:07:55.398  INFO 18036 --- [Thread-5] o.s.s.concurrent.ThreadPoolTaskExecutor  : Shutting down ExecutorService 'applicationTaskExecutor'
2019-12-28 22:07:55.399  INFO 18036 --- [Thread-5] com.zaxxer.hikari.HikariDataSource       : HikariPool-1 - Shutdown initiated...
2019-12-28 22:07:55.414  INFO 18036 --- [Thread-5] com.zaxxer.hikari.HikariDataSource       : HikariPool-1 - Shutdown completed.
2019-12-28 22:07:58.525  INFO 24940 --- [main] com.cyy.Application                      : Starting Application on DESKTOP-DBLO12C with PID 24940 (E:\workspace\idea-workspace\PFS\target\classes started by meetc in E:\workspace\idea-workspace\PFS)
2019-12-28 22:07:58.528  INFO 24940 --- [main] com.cyy.Application                      : No active profile set, falling back to default profiles: default
2019-12-28 22:07:59.016  WARN 24940 --- [main] o.m.s.mapper.ClassPathMapperScanner      : No MyBatis mapper was found in '[com.cyy.dao]' package. Please check your configuration.
2019-12-28 22:07:59.541  INFO 24940 --- [main] o.s.b.w.embedded.tomcat.TomcatWebServer  : Tomcat initialized with port(s): 8080 (http)
2019-12-28 22:07:59.555  INFO 24940 --- [main] o.apache.catalina.core.StandardService   : Starting service [Tomcat]
2019-12-28 22:07:59.555  INFO 24940 --- [main] org.apache.catalina.core.StandardEngine  : Starting Servlet Engine: Apache Tomcat/9.0.13
2019-12-28 22:07:59.560  INFO 24940 --- [main] o.a.catalina.core.AprLifecycleListener   : The APR based Apache Tomcat Native library which allows optimal performance in production environments was not found on the java.library.path: [E:\ENV\Java\jdk1.8.0_211\bin;C:\Windows\Sun\Java\bin;C:\Windows\system32;C:\Windows;C:\Program Files (x86)\Common Files\Oracle\Java\javapath;C:\Windows\system32;C:\Windows;C:\Windows\System32\Wbem;C:\Windows\System32\WindowsPowerShell\v1.0\;C:\Windows\System32\OpenSSH\;E:\ENV\maven\apache-maven-3.6.1\bin\;D:\Program Files\Git\cmd;C:\Program Files\dotnet\;C:\Program Files\Common Files\Autodesk Shared\;C:\Program Files (x86)\Autodesk\Backburner\;C:\Users\meetc\AppData\Local\Microsoft\WindowsApps;.]
2019-12-28 22:07:59.621  INFO 24940 --- [main] o.a.c.c.C.[Tomcat].[localhost].[/]       : Initializing Spring embedded WebApplicationContext
2019-12-28 22:07:59.622  INFO 24940 --- [main] o.s.web.context.ContextLoader            : Root WebApplicationContext: initialization completed in 1057 ms
2019-12-28 22:07:59.960  INFO 24940 --- [main] o.s.s.concurrent.ThreadPoolTaskExecutor  : Initializing ExecutorService 'applicationTaskExecutor'
2019-12-28 22:08:00.206  INFO 24940 --- [main] o.s.b.w.embedded.tomcat.TomcatWebServer  : Tomcat started on port(s): 8080 (http) with context path ''
2019-12-28 22:08:00.210  INFO 24940 --- [main] com.cyy.Application                      : Started Application in 1.973 seconds (JVM running for 2.709)
2019-12-28 22:08:00.253  INFO 24940 --- [http-nio-8080-exec-1] o.a.c.c.C.[Tomcat].[localhost].[/]       : Initializing Spring DispatcherServlet 'dispatcherServlet'
2019-12-28 22:08:00.254  INFO 24940 --- [http-nio-8080-exec-1] o.s.web.servlet.DispatcherServlet        : Initializing Servlet 'dispatcherServlet'
2019-12-28 22:08:00.260  INFO 24940 --- [http-nio-8080-exec-1] o.s.web.servlet.DispatcherServlet        : Completed initialization in 6 ms
2019-12-28 22:08:00.281  INFO 24940 --- [http-nio-8080-exec-1] c.c.finance.controller.ProfitController  : 666jb
2019-12-28 22:08:00.582  INFO 24940 --- [http-nio-8080-exec-2] com.zaxxer.hikari.HikariDataSource       : HikariPool-1 - Starting...
2019-12-28 22:08:00.583  WARN 24940 --- [http-nio-8080-exec-2] com.zaxxer.hikari.util.DriverDataSource  : Registered driver with driverClassName=com.mysql.jdbc.Driver was not found, trying direct instantiation.
2019-12-28 22:08:01.448  INFO 24940 --- [http-nio-8080-exec-2] com.zaxxer.hikari.HikariDataSource       : HikariPool-1 - Start completed.
2019-12-28 22:08:23.391  INFO 24940 --- [http-nio-8080-exec-7] c.c.finance.controller.ProfitController  : 666jb
